<?xml version="1.0" encoding="UTF-8"?>
<testsuite xmlns:xsi="http://www.w3.org/2001/XMLSchema-instance" xsi:noNamespaceSchemaLocation="https://maven.apache.org/surefire/maven-surefire-plugin/xsd/surefire-test-report-3.0.xsd" version="3.0" name="CalculatorTest" time="0.017" tests="2" errors="0" skipped="0" failures="0">
  <properties>
    <property name="java.specification.version" value="21"/>
    <property name="sun.cpu.isalist" value="amd64"/>
    <property name="sun.jnu.encoding" value="Cp1252"/>
    <property name="java.class.path" value="D:\Digital-Nurture-4.0-JAVA-FSE\WEEK2\week2_TDD_using_JUnit5_And_Mockito\1. JUnit_Basic Testing Exercises\exercise13\target\test-classes;D:\Digital-Nurture-4.0-JAVA-FSE\WEEK2\week2_TDD_using_JUnit5_And_Mockito\1. JUnit_Basic Testing Exercises\exercise13\target\classes;C:\Users\Administrator\.m2\repository\junit\junit\4.13.2\junit-4.13.2.jar;C:\Users\Administrator\.m2\repository\org\hamcrest\hamcrest-core\1.3\hamcrest-core-1.3.jar;"/>
    <property name="java.vm.vendor" value="Oracle Corporation"/>
    <property name="sun.arch.data.model" value="64"/>
    <property name="user.variant" value=""/>
    <property name="java.vendor.url" value="https://java.oracle.com/"/>
    <property name="user.timezone" value="Asia/Calcutta"/>
    <property name="os.name" value="Windows 11"/>
    <property name="java.vm.specification.version" value="21"/>
    <property name="sun.java.launcher" value="SUN_STANDARD"/>
    <property name="user.country" value="US"/>
    <property name="sun.boot.library.path" value="C:\Program Files\Java\jdk-21\bin"/>
    <property name="sun.java.command" value="C:\Users\Administrator\AppData\Local\Temp\surefire16430061908306254792\surefirebooter-20250627054610425_3.jar C:\Users\Administrator\AppData\Local\Temp\surefire16430061908306254792 2025-06-27T05-46-10_184-jvmRun1 surefire-20250627054610425_1tmp surefire_0-20250627054610425_2tmp"/>
    <property name="jdk.debug" value="release"/>
    <property name="surefire.test.class.path" value="D:\Digital-Nurture-4.0-JAVA-FSE\WEEK2\week2_TDD_using_JUnit5_And_Mockito\1. JUnit_Basic Testing Exercises\exercise13\target\test-classes;D:\Digital-Nurture-4.0-JAVA-FSE\WEEK2\week2_TDD_using_JUnit5_And_Mockito\1. JUnit_Basic Testing Exercises\exercise13\target\classes;C:\Users\Administrator\.m2\repository\junit\junit\4.13.2\junit-4.13.2.jar;C:\Users\Administrator\.m2\repository\org\hamcrest\hamcrest-core\1.3\hamcrest-core-1.3.jar;"/>
    <property name="sun.cpu.endian" value="little"/>
    <property name="user.home" value="C:\Users\Administrator"/>
    <property name="user.language" value="en"/>
    <property name="java.specification.vendor" value="Oracle Corporation"/>
    <property name="java.version.date" value="2024-07-16"/>
    <property name="java.home" value="C:\Program Files\Java\jdk-21"/>
    <property name="file.separator" value="\"/>
    <property name="basedir" value="D:\Digital-Nurture-4.0-JAVA-FSE\WEEK2\week2_TDD_using_JUnit5_And_Mockito\1. JUnit_Basic Testing Exercises\exercise13"/>
    <property name="java.vm.compressedOopsMode" value="32-bit"/>
    <property name="line.separator" value="&#10;"/>
    <property name="java.vm.specification.vendor" value="Oracle Corporation"/>
    <property name="java.specification.name" value="Java Platform API Specification"/>
    <property name="surefire.real.class.path" value="C:\Users\Administrator\AppData\Local\Temp\surefire16430061908306254792\surefirebooter-20250627054610425_3.jar"/>
    <property name="user.script" value=""/>
    <property name="sun.management.compiler" value="HotSpot 64-Bit Tiered Compilers"/>
    <property name="java.runtime.version" value="21.0.4+8-LTS-274"/>
    <property name="user.name" value="Administrator"/>
    <property name="stdout.encoding" value="Cp1252"/>
    <property name="path.separator" value=";"/>
    <property name="os.version" value="10.0"/>
    <property name="java.runtime.name" value="Java(TM) SE Runtime Environment"/>
    <property name="file.encoding" value="UTF-8"/>
    <property name="java.vm.name" value="Java HotSpot(TM) 64-Bit Server VM"/>
    <property name="localRepository" value="C:\Users\Administrator\.m2\repository"/>
    <property name="java.vendor.url.bug" value="https://bugreport.java.com/bugreport/"/>
    <property name="java.io.tmpdir" value="C:\Users\ADMINI~1\AppData\Local\Temp\"/>
    <property name="java.version" value="21.0.4"/>
    <property name="user.dir" value="D:\Digital-Nurture-4.0-JAVA-FSE\WEEK2\week2_TDD_using_JUnit5_And_Mockito\1. JUnit_Basic Testing Exercises\exercise13"/>
    <property name="os.arch" value="amd64"/>
    <property name="java.vm.specification.name" value="Java Virtual Machine Specification"/>
    <property name="sun.os.patch.level" value=""/>
    <property name="native.encoding" value="Cp1252"/>
    <property name="java.library.path" value="C:\Program Files\Java\jdk-21\bin;C:\WINDOWS\Sun\Java\bin;C:\WINDOWS\system32;C:\WINDOWS;C:\Program Files\Common Files\Oracle\Java\javapath;C:\Python312\Scripts\;C:\Python312\;C:\WINDOWS\system32;C:\WINDOWS;C:\WINDOWS\System32\Wbem;C:\WINDOWS\System32\WindowsPowerShell\v1.0\;C:\WINDOWS\System32\OpenSSH\;C:\Program Files\Java\jdk-22\bin;C:\Program Files\Apache\Maven;C:\Program Files\Apache\Maven\apache-maven-3.9.9\bin;C:\Program Files\mongodb-win32-x86_64-windows-7.0.14\bin;C:\Program Files\mongodb-win32-x86_64-windows-7.0.14\bin\mongod.exe;C:\ProgramData\chocolatey\bin;C:\Program Files\nodejs\node.exe;C:\Users\Administrator\AppData\Roaming\nvm;C:\Program Files\nodejs;C:\Users\Administrator\AppData\Roaming\nvm\nvm.exe;C:\Program Files\nodejs\;C:\Program Files\nodejs\node.exe;C:\Program Files\MySQL\MySQL Server 9.1\bin;D:\Python DS\print.bat;C:\Users\Administrator\AppData\Roaming\Python\Python310\Scripts;C:\Program Files\Java\jdk-21;C:\Program Files\Java\jdk-21\bin;D:\Git\cmd;C:\Program Files (x86)\Microsoft Visual Studio\2022\BuildTools\VC\Tools\MSVC\14.42.34433\bin\Hostx64\x64;C:\Program Files (x86)\Microsoft Visual Studio\2022\BuildTools\Common7\IDE;C:\Users\Administrator\AppData\Local\Programs\Python\Python310\Scripts\;C:\Users\Administrator\AppData\Local\Programs\Python\Python310\;C:\Users\Administrator\AppData\Local\Programs\Python\Python313\Scripts\;C:\Users\Administrator\AppData\Local\Programs\Python\Python313\;C:\Users\Administrator\AppData\Local\Microsoft\WindowsApps;C:\Users\Administrator\AppData\Local\Programs\Microsoft VS Code\bin;C:\Program Files\nodejs\node.exe;C:\Users\Administrator\AppData\Roaming\nvm;C:\Program Files\nodejs;C:\Users\Administrator\AppData\Roaming\nvm\nvm.exe;C:\Users\Administrator\AppData\Roaming\npm;C:\Program Files\MySQL\MySQL Server 9.1\bin;D:\Python DS\print.bat;C:\Users\Administrator\AppData\Roaming\Python\Python310\Scripts;C:\Program Files\Java\jdk-21\bin;;."/>
    <property name="java.vm.info" value="mixed mode, sharing"/>
    <property name="stderr.encoding" value="Cp1252"/>
    <property name="java.vendor" value="Oracle Corporation"/>
    <property name="java.vm.version" value="21.0.4+8-LTS-274"/>
    <property name="sun.io.unicode.encoding" value="UnicodeLittle"/>
    <property name="java.class.version" value="65.0"/>
  </properties>
  <testcase name="testAdd" classname="CalculatorTest" time="0.009">
    <system-out><![CDATA[Setting up calculator...
Cleaning up...
]]></system-out>
  </testcase>
  <testcase name="testSubtract" classname="CalculatorTest" time="0.0">
    <system-out><![CDATA[Setting up calculator...
Cleaning up...
]]></system-out>
  </testcase>
</testsuite>